This file contains any messages produced by compilers while
running configure, to aid debugging if configure makes a mistake.

It was created by mpiP configure 3.5, which was
generated by GNU Autoconf 2.69.  Invocation command line was

  $ ./configure 

## --------- ##
## Platform. ##
## --------- ##

hostname = X33
uname -m = x86_64
uname -r = 6.1.0-11-amd64
uname -s = Linux
uname -v = #1 SMP PREEMPT_DYNAMIC Debian 6.1.38-4 (2023-08-08)

/usr/bin/uname -p = unknown
/bin/uname -X     = unknown

/bin/arch              = x86_64
/usr/bin/arch -k       = unknown
/usr/convex/getsysinfo = unknown
/usr/bin/hostinfo      = unknown
/bin/machine           = unknown
/usr/bin/oslevel       = unknown
/bin/universe          = unknown

PATH: /home/wujialong/bin
PATH: /home/wujialong/spack/bin
PATH: /usr/bin
PATH: /home/wujialong/bin
PATH: /home/wujialong/software/mpiP-3.5
PATH: /home/wujialong/software/mpich-4.1/bin
PATH: /home/wujialong/software/mpich-4.1/include


## ----------- ##
## Core tests. ##
## ----------- ##

configure:2630: checking build system type
configure:2644: result: x86_64-pc-linux-gnu
configure:2664: checking host system type
configure:2677: result: x86_64-pc-linux-gnu
configure:2697: checking target system type
configure:2710: result: x86_64-pc-linux-gnu
configure:3248: checking for a BSD-compatible install
configure:3316: result: /usr/bin/install -c
configure:3370: checking for ranlib
configure:3386: found /usr/bin/ranlib
configure:3397: result: ranlib
configure:3425: checking for python
configure:3441: found /usr/bin/python
configure:3453: result: python
configure:3480: checking for mpixlc
configure:3510: result: no
configure:3480: checking for mpiicc
configure:3510: result: no
configure:3480: checking for cmpicc
configure:3510: result: no
configure:3480: checking for mpcc
configure:3510: result: no
configure:3480: checking for mpicc
configure:3496: found /usr/bin/mpicc
configure:3507: result: mpicc
configure:3523: checking for mpixlC
configure:3553: result: no
configure:3523: checking for mpiicpc
configure:3553: result: no
configure:3523: checking for mpiCC
configure:3539: found /usr/bin/mpiCC
configure:3550: result: mpiCC
configure:3566: checking for mpixlf
configure:3596: result: no
configure:3566: checking for mpiifort
configure:3596: result: no
configure:3566: checking for mpifort
configure:3582: found /usr/bin/mpifort
configure:3593: result: mpifort
configure:3609: checking for poe
configure:3639: result: no
configure:3609: checking for jsrun
configure:3639: result: no
configure:3609: checking for srun
configure:3639: result: no
configure:3609: checking for prun
configure:3639: result: no
configure:3609: checking for mpirun
configure:3625: found /usr/bin/mpirun
configure:3636: result: mpirun
configure:4086: checking for C compiler version
configure:4095: mpicc --version >&5
gcc (Debian 12.2.0-14) 12.2.0
Copyright (C) 2022 Free Software Foundation, Inc.
This is free software; see the source for copying conditions.  There is NO
warranty; not even for MERCHANTABILITY or FITNESS FOR A PARTICULAR PURPOSE.

configure:4106: $? = 0
configure:4095: mpicc -v >&5
Using built-in specs.
COLLECT_GCC=/usr/bin/gcc
COLLECT_LTO_WRAPPER=/usr/lib/gcc/x86_64-linux-gnu/12/lto-wrapper
OFFLOAD_TARGET_NAMES=nvptx-none:amdgcn-amdhsa
OFFLOAD_TARGET_DEFAULT=1
Target: x86_64-linux-gnu
Configured with: ../src/configure -v --with-pkgversion='Debian 12.2.0-14' --with-bugurl=file:///usr/share/doc/gcc-12/README.Bugs --enable-languages=c,ada,c++,go,d,fortran,objc,obj-c++,m2 --prefix=/usr --with-gcc-major-version-only --program-suffix=-12 --program-prefix=x86_64-linux-gnu- --enable-shared --enable-linker-build-id --libexecdir=/usr/lib --without-included-gettext --enable-threads=posix --libdir=/usr/lib --enable-nls --enable-clocale=gnu --enable-libstdcxx-debug --enable-libstdcxx-time=yes --with-default-libstdcxx-abi=new --enable-gnu-unique-object --disable-vtable-verify --enable-plugin --enable-default-pie --with-system-zlib --enable-libphobos-checking=release --with-target-system-zlib=auto --enable-objc-gc=auto --enable-multiarch --disable-werror --enable-cet --with-arch-32=i686 --with-abi=m64 --with-multilib-list=m32,m64,mx32 --enable-multilib --with-tune=generic --enable-offload-targets=nvptx-none=/build/gcc-12-bTRWOB/gcc-12-12.2.0/debian/tmp-nvptx/usr,amdgcn-amdhsa=/build/gcc-12-bTRWOB/gcc-12-12.2.0/debian/tmp-gcn/usr --enable-offload-defaulted --without-cuda-driver --enable-checking=release --build=x86_64-linux-gnu --host=x86_64-linux-gnu --target=x86_64-linux-gnu
Thread model: posix
Supported LTO compression algorithms: zlib zstd
gcc version 12.2.0 (Debian 12.2.0-14) 
... rest of stderr output deleted ...
configure:4106: $? = 0
configure:4095: mpicc -V >&5
gcc: error: unrecognized command-line option '-V'
gcc: fatal error: no input files
compilation terminated.
configure:4106: $? = 1
configure:4095: mpicc -qversion >&5
gcc: error: unrecognized command-line option '-qversion'; did you mean '--version'?
gcc: fatal error: no input files
compilation terminated.
configure:4106: $? = 1
configure:4126: checking whether the C compiler works
configure:4148: mpicc    conftest.c  >&5
configure:4152: $? = 0
configure:4200: result: yes
configure:4203: checking for C compiler default output file name
configure:4205: result: a.out
configure:4211: checking for suffix of executables
configure:4218: mpicc -o conftest    conftest.c  >&5
configure:4222: $? = 0
configure:4244: result: 
configure:4266: checking whether we are cross compiling
configure:4304: result: yes
configure:4309: checking for suffix of object files
configure:4331: mpicc -c   conftest.c >&5
configure:4335: $? = 0
configure:4356: result: o
configure:4360: checking whether we are using the GNU C compiler
configure:4379: mpicc -c   conftest.c >&5
configure:4379: $? = 0
configure:4388: result: yes
configure:4397: checking whether mpicc accepts -g
configure:4417: mpicc -c -g  conftest.c >&5
configure:4417: $? = 0
configure:4458: result: yes
configure:4475: checking for mpicc option to accept ISO C89
configure:4538: mpicc  -c -g -O2  conftest.c >&5
configure:4538: $? = 0
configure:4551: result: none needed
configure:4572: checking for sqrt in -lm
configure:4597: mpicc -o conftest -g -O2   conftest.c -lm   >&5
conftest.c:21:6: warning: conflicting types for built-in function 'sqrt'; expected 'double(double)' [-Wbuiltin-declaration-mismatch]
   21 | char sqrt ();
      |      ^~~~
conftest.c:1:1: note: 'sqrt' is declared in header '<math.h>'
    1 | /* confdefs.h */
configure:4597: $? = 0
configure:4606: result: yes
configure:4623: checking how to run the C preprocessor
configure:4654: mpicc -E  conftest.c
configure:4654: $? = 0
configure:4668: mpicc -E  conftest.c
conftest.c:15:10: fatal error: ac_nonexistent.h: No such file or directory
   15 | #include <ac_nonexistent.h>
      |          ^~~~~~~~~~~~~~~~~~
compilation terminated.
configure:4668: $? = 1
configure: failed program was:
| /* confdefs.h */
| #define PACKAGE_NAME "mpiP"
| #define PACKAGE_TARNAME "mpip"
| #define PACKAGE_VERSION "3.5"
| #define PACKAGE_STRING "mpiP 3.5"
| #define PACKAGE_BUGREPORT ""
| #define PACKAGE_URL ""
| #define MPIP_CALLSITE_REPORT_STACK_DEPTH_MAX 8
| #define MPIP_INTERNAL_STACK_DEPTH 3
| #define MPIP_CALLSITE_STACK_DEPTH_MAX (MPIP_CALLSITE_REPORT_STACK_DEPTH_MAX + MPIP_INTERNAL_STACK_DEPTH)
| #define MPIP_COPIED_ARGS_MAX 32
| #define DEFAULT_REPORT_FORMAT mpiPi_style_verbose
| #define HAVE_LIBM 1
| /* end confdefs.h.  */
| #include <ac_nonexistent.h>
configure:4693: result: mpicc -E
configure:4713: mpicc -E  conftest.c
configure:4713: $? = 0
configure:4727: mpicc -E  conftest.c
conftest.c:15:10: fatal error: ac_nonexistent.h: No such file or directory
   15 | #include <ac_nonexistent.h>
      |          ^~~~~~~~~~~~~~~~~~
compilation terminated.
configure:4727: $? = 1
configure: failed program was:
| /* confdefs.h */
| #define PACKAGE_NAME "mpiP"
| #define PACKAGE_TARNAME "mpip"
| #define PACKAGE_VERSION "3.5"
| #define PACKAGE_STRING "mpiP 3.5"
| #define PACKAGE_BUGREPORT ""
| #define PACKAGE_URL ""
| #define MPIP_CALLSITE_REPORT_STACK_DEPTH_MAX 8
| #define MPIP_INTERNAL_STACK_DEPTH 3
| #define MPIP_CALLSITE_STACK_DEPTH_MAX (MPIP_CALLSITE_REPORT_STACK_DEPTH_MAX + MPIP_INTERNAL_STACK_DEPTH)
| #define MPIP_COPIED_ARGS_MAX 32
| #define DEFAULT_REPORT_FORMAT mpiPi_style_verbose
| #define HAVE_LIBM 1
| /* end confdefs.h.  */
| #include <ac_nonexistent.h>
configure:4756: checking for grep that handles long lines and -e
configure:4814: result: /usr/bin/grep
configure:4819: checking for egrep
configure:4881: result: /usr/bin/grep -E
configure:4886: checking for ANSI C header files
configure:4906: mpicc -c -g -O2  conftest.c >&5
configure:4906: $? = 0
configure:4990: result: yes
configure:5003: checking for sys/types.h
configure:5003: mpicc -c -g -O2  conftest.c >&5
configure:5003: $? = 0
configure:5003: result: yes
configure:5003: checking for sys/stat.h
configure:5003: mpicc -c -g -O2  conftest.c >&5
configure:5003: $? = 0
configure:5003: result: yes
configure:5003: checking for stdlib.h
configure:5003: mpicc -c -g -O2  conftest.c >&5
configure:5003: $? = 0
configure:5003: result: yes
configure:5003: checking for string.h
configure:5003: mpicc -c -g -O2  conftest.c >&5
configure:5003: $? = 0
configure:5003: result: yes
configure:5003: checking for memory.h
configure:5003: mpicc -c -g -O2  conftest.c >&5
configure:5003: $? = 0
configure:5003: result: yes
configure:5003: checking for strings.h
configure:5003: mpicc -c -g -O2  conftest.c >&5
configure:5003: $? = 0
configure:5003: result: yes
configure:5003: checking for inttypes.h
configure:5003: mpicc -c -g -O2  conftest.c >&5
configure:5003: $? = 0
configure:5003: result: yes
configure:5003: checking for stdint.h
configure:5003: mpicc -c -g -O2  conftest.c >&5
configure:5003: $? = 0
configure:5003: result: yes
configure:5003: checking for unistd.h
configure:5003: mpicc -c -g -O2  conftest.c >&5
configure:5003: $? = 0
configure:5003: result: yes
configure:5019: checking size of void*
configure:5024: mpicc -c -g -O2  conftest.c >&5
configure:5024: $? = 0
configure:5024: mpicc -c -g -O2  conftest.c >&5
conftest.c: In function 'main':
conftest.c:61:12: error: size of array 'test_array' is negative
   61 | static int test_array [1 - 2 * !(((long int) (sizeof (void*))) <= 0)];
      |            ^~~~~~~~~~
configure:5024: $? = 1
configure: failed program was:
| /* confdefs.h */
| #define PACKAGE_NAME "mpiP"
| #define PACKAGE_TARNAME "mpip"
| #define PACKAGE_VERSION "3.5"
| #define PACKAGE_STRING "mpiP 3.5"
| #define PACKAGE_BUGREPORT ""
| #define PACKAGE_URL ""
| #define MPIP_CALLSITE_REPORT_STACK_DEPTH_MAX 8
| #define MPIP_INTERNAL_STACK_DEPTH 3
| #define MPIP_CALLSITE_STACK_DEPTH_MAX (MPIP_CALLSITE_REPORT_STACK_DEPTH_MAX + MPIP_INTERNAL_STACK_DEPTH)
| #define MPIP_COPIED_ARGS_MAX 32
| #define DEFAULT_REPORT_FORMAT mpiPi_style_verbose
| #define HAVE_LIBM 1
| #define STDC_HEADERS 1
| #define HAVE_SYS_TYPES_H 1
| #define HAVE_SYS_STAT_H 1
| #define HAVE_STDLIB_H 1
| #define HAVE_STRING_H 1
| #define HAVE_MEMORY_H 1
| #define HAVE_STRINGS_H 1
| #define HAVE_INTTYPES_H 1
| #define HAVE_STDINT_H 1
| #define HAVE_UNISTD_H 1
| /* end confdefs.h.  */
| #include <stdio.h>
| #ifdef HAVE_SYS_TYPES_H
| # include <sys/types.h>
| #endif
| #ifdef HAVE_SYS_STAT_H
| # include <sys/stat.h>
| #endif
| #ifdef STDC_HEADERS
| # include <stdlib.h>
| # include <stddef.h>
| #else
| # ifdef HAVE_STDLIB_H
| #  include <stdlib.h>
| # endif
| #endif
| #ifdef HAVE_STRING_H
| # if !defined STDC_HEADERS && defined HAVE_MEMORY_H
| #  include <memory.h>
| # endif
| # include <string.h>
| #endif
| #ifdef HAVE_STRINGS_H
| # include <strings.h>
| #endif
| #ifdef HAVE_INTTYPES_H
| # include <inttypes.h>
| #endif
| #ifdef HAVE_STDINT_H
| # include <stdint.h>
| #endif
| #ifdef HAVE_UNISTD_H
| # include <unistd.h>
| #endif
| int
| main ()
| {
| static int test_array [1 - 2 * !(((long int) (sizeof (void*))) <= 0)];
| test_array [0] = 0;
| return test_array [0];
| 
|   ;
|   return 0;
| }
configure:5024: mpicc -c -g -O2  conftest.c >&5
conftest.c: In function 'main':
conftest.c:61:12: error: size of array 'test_array' is negative
   61 | static int test_array [1 - 2 * !(((long int) (sizeof (void*))) <= 1)];
      |            ^~~~~~~~~~
configure:5024: $? = 1
configure: failed program was:
| /* confdefs.h */
| #define PACKAGE_NAME "mpiP"
| #define PACKAGE_TARNAME "mpip"
| #define PACKAGE_VERSION "3.5"
| #define PACKAGE_STRING "mpiP 3.5"
| #define PACKAGE_BUGREPORT ""
| #define PACKAGE_URL ""
| #define MPIP_CALLSITE_REPORT_STACK_DEPTH_MAX 8
| #define MPIP_INTERNAL_STACK_DEPTH 3
| #define MPIP_CALLSITE_STACK_DEPTH_MAX (MPIP_CALLSITE_REPORT_STACK_DEPTH_MAX + MPIP_INTERNAL_STACK_DEPTH)
| #define MPIP_COPIED_ARGS_MAX 32
| #define DEFAULT_REPORT_FORMAT mpiPi_style_verbose
| #define HAVE_LIBM 1
| #define STDC_HEADERS 1
| #define HAVE_SYS_TYPES_H 1
| #define HAVE_SYS_STAT_H 1
| #define HAVE_STDLIB_H 1
| #define HAVE_STRING_H 1
| #define HAVE_MEMORY_H 1
| #define HAVE_STRINGS_H 1
| #define HAVE_INTTYPES_H 1
| #define HAVE_STDINT_H 1
| #define HAVE_UNISTD_H 1
| /* end confdefs.h.  */
| #include <stdio.h>
| #ifdef HAVE_SYS_TYPES_H
| # include <sys/types.h>
| #endif
| #ifdef HAVE_SYS_STAT_H
| # include <sys/stat.h>
| #endif
| #ifdef STDC_HEADERS
| # include <stdlib.h>
| # include <stddef.h>
| #else
| # ifdef HAVE_STDLIB_H
| #  include <stdlib.h>
| # endif
| #endif
| #ifdef HAVE_STRING_H
| # if !defined STDC_HEADERS && defined HAVE_MEMORY_H
| #  include <memory.h>
| # endif
| # include <string.h>
| #endif
| #ifdef HAVE_STRINGS_H
| # include <strings.h>
| #endif
| #ifdef HAVE_INTTYPES_H
| # include <inttypes.h>
| #endif
| #ifdef HAVE_STDINT_H
| # include <stdint.h>
| #endif
| #ifdef HAVE_UNISTD_H
| # include <unistd.h>
| #endif
| int
| main ()
| {
| static int test_array [1 - 2 * !(((long int) (sizeof (void*))) <= 1)];
| test_array [0] = 0;
| return test_array [0];
| 
|   ;
|   return 0;
| }
configure:5024: mpicc -c -g -O2  conftest.c >&5
conftest.c: In function 'main':
conftest.c:61:12: error: size of array 'test_array' is negative
   61 | static int test_array [1 - 2 * !(((long int) (sizeof (void*))) <= 3)];
      |            ^~~~~~~~~~
configure:5024: $? = 1
configure: failed program was:
| /* confdefs.h */
| #define PACKAGE_NAME "mpiP"
| #define PACKAGE_TARNAME "mpip"
| #define PACKAGE_VERSION "3.5"
| #define PACKAGE_STRING "mpiP 3.5"
| #define PACKAGE_BUGREPORT ""
| #define PACKAGE_URL ""
| #define MPIP_CALLSITE_REPORT_STACK_DEPTH_MAX 8
| #define MPIP_INTERNAL_STACK_DEPTH 3
| #define MPIP_CALLSITE_STACK_DEPTH_MAX (MPIP_CALLSITE_REPORT_STACK_DEPTH_MAX + MPIP_INTERNAL_STACK_DEPTH)
| #define MPIP_COPIED_ARGS_MAX 32
| #define DEFAULT_REPORT_FORMAT mpiPi_style_verbose
| #define HAVE_LIBM 1
| #define STDC_HEADERS 1
| #define HAVE_SYS_TYPES_H 1
| #define HAVE_SYS_STAT_H 1
| #define HAVE_STDLIB_H 1
| #define HAVE_STRING_H 1
| #define HAVE_MEMORY_H 1
| #define HAVE_STRINGS_H 1
| #define HAVE_INTTYPES_H 1
| #define HAVE_STDINT_H 1
| #define HAVE_UNISTD_H 1
| /* end confdefs.h.  */
| #include <stdio.h>
| #ifdef HAVE_SYS_TYPES_H
| # include <sys/types.h>
| #endif
| #ifdef HAVE_SYS_STAT_H
| # include <sys/stat.h>
| #endif
| #ifdef STDC_HEADERS
| # include <stdlib.h>
| # include <stddef.h>
| #else
| # ifdef HAVE_STDLIB_H
| #  include <stdlib.h>
| # endif
| #endif
| #ifdef HAVE_STRING_H
| # if !defined STDC_HEADERS && defined HAVE_MEMORY_H
| #  include <memory.h>
| # endif
| # include <string.h>
| #endif
| #ifdef HAVE_STRINGS_H
| # include <strings.h>
| #endif
| #ifdef HAVE_INTTYPES_H
| # include <inttypes.h>
| #endif
| #ifdef HAVE_STDINT_H
| # include <stdint.h>
| #endif
| #ifdef HAVE_UNISTD_H
| # include <unistd.h>
| #endif
| int
| main ()
| {
| static int test_array [1 - 2 * !(((long int) (sizeof (void*))) <= 3)];
| test_array [0] = 0;
| return test_array [0];
| 
|   ;
|   return 0;
| }
configure:5024: mpicc -c -g -O2  conftest.c >&5
conftest.c: In function 'main':
conftest.c:61:12: error: size of array 'test_array' is negative
   61 | static int test_array [1 - 2 * !(((long int) (sizeof (void*))) <= 7)];
      |            ^~~~~~~~~~
configure:5024: $? = 1
configure: failed program was:
| /* confdefs.h */
| #define PACKAGE_NAME "mpiP"
| #define PACKAGE_TARNAME "mpip"
| #define PACKAGE_VERSION "3.5"
| #define PACKAGE_STRING "mpiP 3.5"
| #define PACKAGE_BUGREPORT ""
| #define PACKAGE_URL ""
| #define MPIP_CALLSITE_REPORT_STACK_DEPTH_MAX 8
| #define MPIP_INTERNAL_STACK_DEPTH 3
| #define MPIP_CALLSITE_STACK_DEPTH_MAX (MPIP_CALLSITE_REPORT_STACK_DEPTH_MAX + MPIP_INTERNAL_STACK_DEPTH)
| #define MPIP_COPIED_ARGS_MAX 32
| #define DEFAULT_REPORT_FORMAT mpiPi_style_verbose
| #define HAVE_LIBM 1
| #define STDC_HEADERS 1
| #define HAVE_SYS_TYPES_H 1
| #define HAVE_SYS_STAT_H 1
| #define HAVE_STDLIB_H 1
| #define HAVE_STRING_H 1
| #define HAVE_MEMORY_H 1
| #define HAVE_STRINGS_H 1
| #define HAVE_INTTYPES_H 1
| #define HAVE_STDINT_H 1
| #define HAVE_UNISTD_H 1
| /* end confdefs.h.  */
| #include <stdio.h>
| #ifdef HAVE_SYS_TYPES_H
| # include <sys/types.h>
| #endif
| #ifdef HAVE_SYS_STAT_H
| # include <sys/stat.h>
| #endif
| #ifdef STDC_HEADERS
| # include <stdlib.h>
| # include <stddef.h>
| #else
| # ifdef HAVE_STDLIB_H
| #  include <stdlib.h>
| # endif
| #endif
| #ifdef HAVE_STRING_H
| # if !defined STDC_HEADERS && defined HAVE_MEMORY_H
| #  include <memory.h>
| # endif
| # include <string.h>
| #endif
| #ifdef HAVE_STRINGS_H
| # include <strings.h>
| #endif
| #ifdef HAVE_INTTYPES_H
| # include <inttypes.h>
| #endif
| #ifdef HAVE_STDINT_H
| # include <stdint.h>
| #endif
| #ifdef HAVE_UNISTD_H
| # include <unistd.h>
| #endif
| int
| main ()
| {
| static int test_array [1 - 2 * !(((long int) (sizeof (void*))) <= 7)];
| test_array [0] = 0;
| return test_array [0];
| 
|   ;
|   return 0;
| }
configure:5024: mpicc -c -g -O2  conftest.c >&5
configure:5024: $? = 0
configure:5024: mpicc -c -g -O2  conftest.c >&5
configure:5024: $? = 0
configure:5024: mpicc -c -g -O2  conftest.c >&5
configure:5024: $? = 0
configure:5024: mpicc -c -g -O2  conftest.c >&5
configure:5024: $? = 0
configure:5038: result: 8
configure:5049: checking PIC flags
configure:5056: result: -fpic -DPIC
configure:5062: checking whether MPI_Init is declared
configure:5062: mpicc -c -g -O2  conftest.c >&5
configure:5062: $? = 0
configure:5062: result: yes
configure:5076: checking for library containing dlopen
configure:5107: mpicc -o conftest -g -O2   conftest.c -lm  >&5
configure:5107: $? = 0
configure:5124: result: none required
configure:5132: checking for inflate in -lz
configure:5157: mpicc -o conftest -g -O2   conftest.c -lz  -lm  >&5
configure:5157: $? = 0
configure:5166: result: yes
configure:5172: checking for dcgettext__ in -lintl
configure:5197: mpicc -o conftest -g -O2   conftest.c -lintl  -lm  >&5
/usr/bin/ld: cannot find -lintl: No such file or directory
collect2: error: ld returned 1 exit status
configure:5197: $? = 1
configure: failed program was:
| /* confdefs.h */
| #define PACKAGE_NAME "mpiP"
| #define PACKAGE_TARNAME "mpip"
| #define PACKAGE_VERSION "3.5"
| #define PACKAGE_STRING "mpiP 3.5"
| #define PACKAGE_BUGREPORT ""
| #define PACKAGE_URL ""
| #define MPIP_CALLSITE_REPORT_STACK_DEPTH_MAX 8
| #define MPIP_INTERNAL_STACK_DEPTH 3
| #define MPIP_CALLSITE_STACK_DEPTH_MAX (MPIP_CALLSITE_REPORT_STACK_DEPTH_MAX + MPIP_INTERNAL_STACK_DEPTH)
| #define MPIP_COPIED_ARGS_MAX 32
| #define DEFAULT_REPORT_FORMAT mpiPi_style_verbose
| #define HAVE_LIBM 1
| #define STDC_HEADERS 1
| #define HAVE_SYS_TYPES_H 1
| #define HAVE_SYS_STAT_H 1
| #define HAVE_STDLIB_H 1
| #define HAVE_STRING_H 1
| #define HAVE_MEMORY_H 1
| #define HAVE_STRINGS_H 1
| #define HAVE_INTTYPES_H 1
| #define HAVE_STDINT_H 1
| #define HAVE_UNISTD_H 1
| #define SIZEOF_VOIDP 8
| /* end confdefs.h.  */
| 
| /* Override any GCC internal prototype to avoid an error.
|    Use char because int might match the return type of a GCC
|    builtin and then its argument prototype would still apply.  */
| #ifdef __cplusplus
| extern "C"
| #endif
| char dcgettext__ ();
| int
| main ()
| {
| return dcgettext__ ();
|   ;
|   return 0;
| }
configure:5206: result: no
configure:5212: checking for objalloc_create in -liberty
configure:5237: mpicc -o conftest -g -O2   conftest.c -liberty  -lm  >&5
/usr/bin/ld: cannot find -liberty: No such file or directory
collect2: error: ld returned 1 exit status
configure:5237: $? = 1
configure: failed program was:
| /* confdefs.h */
| #define PACKAGE_NAME "mpiP"
| #define PACKAGE_TARNAME "mpip"
| #define PACKAGE_VERSION "3.5"
| #define PACKAGE_STRING "mpiP 3.5"
| #define PACKAGE_BUGREPORT ""
| #define PACKAGE_URL ""
| #define MPIP_CALLSITE_REPORT_STACK_DEPTH_MAX 8
| #define MPIP_INTERNAL_STACK_DEPTH 3
| #define MPIP_CALLSITE_STACK_DEPTH_MAX (MPIP_CALLSITE_REPORT_STACK_DEPTH_MAX + MPIP_INTERNAL_STACK_DEPTH)
| #define MPIP_COPIED_ARGS_MAX 32
| #define DEFAULT_REPORT_FORMAT mpiPi_style_verbose
| #define HAVE_LIBM 1
| #define STDC_HEADERS 1
| #define HAVE_SYS_TYPES_H 1
| #define HAVE_SYS_STAT_H 1
| #define HAVE_STDLIB_H 1
| #define HAVE_STRING_H 1
| #define HAVE_MEMORY_H 1
| #define HAVE_STRINGS_H 1
| #define HAVE_INTTYPES_H 1
| #define HAVE_STDINT_H 1
| #define HAVE_UNISTD_H 1
| #define SIZEOF_VOIDP 8
| /* end confdefs.h.  */
| 
| /* Override any GCC internal prototype to avoid an error.
|    Use char because int might match the return type of a GCC
|    builtin and then its argument prototype would still apply.  */
| #ifdef __cplusplus
| extern "C"
| #endif
| char objalloc_create ();
| int
| main ()
| {
| return objalloc_create ();
|   ;
|   return 0;
| }
configure:5246: result: no
configure:5252: checking bfd.h usability
configure:5252: mpicc -c -g -O2  conftest.c >&5
conftest.c:59:10: fatal error: bfd.h: No such file or directory
   59 | #include <bfd.h>
      |          ^~~~~~~
compilation terminated.
configure:5252: $? = 1
configure: failed program was:
| /* confdefs.h */
| #define PACKAGE_NAME "mpiP"
| #define PACKAGE_TARNAME "mpip"
| #define PACKAGE_VERSION "3.5"
| #define PACKAGE_STRING "mpiP 3.5"
| #define PACKAGE_BUGREPORT ""
| #define PACKAGE_URL ""
| #define MPIP_CALLSITE_REPORT_STACK_DEPTH_MAX 8
| #define MPIP_INTERNAL_STACK_DEPTH 3
| #define MPIP_CALLSITE_STACK_DEPTH_MAX (MPIP_CALLSITE_REPORT_STACK_DEPTH_MAX + MPIP_INTERNAL_STACK_DEPTH)
| #define MPIP_COPIED_ARGS_MAX 32
| #define DEFAULT_REPORT_FORMAT mpiPi_style_verbose
| #define HAVE_LIBM 1
| #define STDC_HEADERS 1
| #define HAVE_SYS_TYPES_H 1
| #define HAVE_SYS_STAT_H 1
| #define HAVE_STDLIB_H 1
| #define HAVE_STRING_H 1
| #define HAVE_MEMORY_H 1
| #define HAVE_STRINGS_H 1
| #define HAVE_INTTYPES_H 1
| #define HAVE_STDINT_H 1
| #define HAVE_UNISTD_H 1
| #define SIZEOF_VOIDP 8
| /* end confdefs.h.  */
| #include <stdio.h>
| #ifdef HAVE_SYS_TYPES_H
| # include <sys/types.h>
| #endif
| #ifdef HAVE_SYS_STAT_H
| # include <sys/stat.h>
| #endif
| #ifdef STDC_HEADERS
| # include <stdlib.h>
| # include <stddef.h>
| #else
| # ifdef HAVE_STDLIB_H
| #  include <stdlib.h>
| # endif
| #endif
| #ifdef HAVE_STRING_H
| # if !defined STDC_HEADERS && defined HAVE_MEMORY_H
| #  include <memory.h>
| # endif
| # include <string.h>
| #endif
| #ifdef HAVE_STRINGS_H
| # include <strings.h>
| #endif
| #ifdef HAVE_INTTYPES_H
| # include <inttypes.h>
| #endif
| #ifdef HAVE_STDINT_H
| # include <stdint.h>
| #endif
| #ifdef HAVE_UNISTD_H
| # include <unistd.h>
| #endif
| #include <bfd.h>
configure:5252: result: no
configure:5252: checking bfd.h presence
configure:5252: mpicc -E  conftest.c
conftest.c:26:10: fatal error: bfd.h: No such file or directory
   26 | #include <bfd.h>
      |          ^~~~~~~
compilation terminated.
configure:5252: $? = 1
configure: failed program was:
| /* confdefs.h */
| #define PACKAGE_NAME "mpiP"
| #define PACKAGE_TARNAME "mpip"
| #define PACKAGE_VERSION "3.5"
| #define PACKAGE_STRING "mpiP 3.5"
| #define PACKAGE_BUGREPORT ""
| #define PACKAGE_URL ""
| #define MPIP_CALLSITE_REPORT_STACK_DEPTH_MAX 8
| #define MPIP_INTERNAL_STACK_DEPTH 3
| #define MPIP_CALLSITE_STACK_DEPTH_MAX (MPIP_CALLSITE_REPORT_STACK_DEPTH_MAX + MPIP_INTERNAL_STACK_DEPTH)
| #define MPIP_COPIED_ARGS_MAX 32
| #define DEFAULT_REPORT_FORMAT mpiPi_style_verbose
| #define HAVE_LIBM 1
| #define STDC_HEADERS 1
| #define HAVE_SYS_TYPES_H 1
| #define HAVE_SYS_STAT_H 1
| #define HAVE_STDLIB_H 1
| #define HAVE_STRING_H 1
| #define HAVE_MEMORY_H 1
| #define HAVE_STRINGS_H 1
| #define HAVE_INTTYPES_H 1
| #define HAVE_STDINT_H 1
| #define HAVE_UNISTD_H 1
| #define SIZEOF_VOIDP 8
| /* end confdefs.h.  */
| #include <bfd.h>
configure:5252: result: no
configure:5252: checking for bfd.h
configure:5252: result: no
configure:5319: checking for bfd_boolean
configure:5319: mpicc -c -g -O2  conftest.c >&5
conftest.c:26:10: fatal error: bfd.h: No such file or directory
   26 | #include "bfd.h"
      |          ^~~~~~~
compilation terminated.
configure:5319: $? = 1
configure: failed program was:
| /* confdefs.h */
| #define PACKAGE_NAME "mpiP"
| #define PACKAGE_TARNAME "mpip"
| #define PACKAGE_VERSION "3.5"
| #define PACKAGE_STRING "mpiP 3.5"
| #define PACKAGE_BUGREPORT ""
| #define PACKAGE_URL ""
| #define MPIP_CALLSITE_REPORT_STACK_DEPTH_MAX 8
| #define MPIP_INTERNAL_STACK_DEPTH 3
| #define MPIP_CALLSITE_STACK_DEPTH_MAX (MPIP_CALLSITE_REPORT_STACK_DEPTH_MAX + MPIP_INTERNAL_STACK_DEPTH)
| #define MPIP_COPIED_ARGS_MAX 32
| #define DEFAULT_REPORT_FORMAT mpiPi_style_verbose
| #define HAVE_LIBM 1
| #define STDC_HEADERS 1
| #define HAVE_SYS_TYPES_H 1
| #define HAVE_SYS_STAT_H 1
| #define HAVE_STDLIB_H 1
| #define HAVE_STRING_H 1
| #define HAVE_MEMORY_H 1
| #define HAVE_STRINGS_H 1
| #define HAVE_INTTYPES_H 1
| #define HAVE_STDINT_H 1
| #define HAVE_UNISTD_H 1
| #define SIZEOF_VOIDP 8
| /* end confdefs.h.  */
| #include "bfd.h"
| 
| int
| main ()
| {
| if (sizeof (bfd_boolean))
| 	 return 0;
|   ;
|   return 0;
| }
configure:5319: result: no
configure:5449: checking for MPIR_ToPointer in -lmpi
configure:5474: mpicc -o conftest -g -O2   conftest.c -lmpi  -lm  >&5
/usr/bin/ld: /tmp/ccP4bobF.o: in function `main':
/home/wujialong/software/mpiP-3.5/conftest.c:38: undefined reference to `MPIR_ToPointer'
collect2: error: ld returned 1 exit status
configure:5474: $? = 1
configure: failed program was:
| /* confdefs.h */
| #define PACKAGE_NAME "mpiP"
| #define PACKAGE_TARNAME "mpip"
| #define PACKAGE_VERSION "3.5"
| #define PACKAGE_STRING "mpiP 3.5"
| #define PACKAGE_BUGREPORT ""
| #define PACKAGE_URL ""
| #define MPIP_CALLSITE_REPORT_STACK_DEPTH_MAX 8
| #define MPIP_INTERNAL_STACK_DEPTH 3
| #define MPIP_CALLSITE_STACK_DEPTH_MAX (MPIP_CALLSITE_REPORT_STACK_DEPTH_MAX + MPIP_INTERNAL_STACK_DEPTH)
| #define MPIP_COPIED_ARGS_MAX 32
| #define DEFAULT_REPORT_FORMAT mpiPi_style_verbose
| #define HAVE_LIBM 1
| #define STDC_HEADERS 1
| #define HAVE_SYS_TYPES_H 1
| #define HAVE_SYS_STAT_H 1
| #define HAVE_STDLIB_H 1
| #define HAVE_STRING_H 1
| #define HAVE_MEMORY_H 1
| #define HAVE_STRINGS_H 1
| #define HAVE_INTTYPES_H 1
| #define HAVE_STDINT_H 1
| #define HAVE_UNISTD_H 1
| #define SIZEOF_VOIDP 8
| #define HAVE_BFD_BOOLEAN 1
| /* end confdefs.h.  */
| 
| /* Override any GCC internal prototype to avoid an error.
|    Use char because int might match the return type of a GCC
|    builtin and then its argument prototype would still apply.  */
| #ifdef __cplusplus
| extern "C"
| #endif
| char MPIR_ToPointer ();
| int
| main ()
| {
| return MPIR_ToPointer ();
|   ;
|   return 0;
| }
configure:5483: result: no
configure:5491: checking for MPIR_ToPointer in -lmpich
configure:5516: mpicc -o conftest -g -O2   conftest.c -lmpich  -lm  >&5
/usr/bin/ld: /tmp/cc6iv27a.o: in function `main':
/home/wujialong/software/mpiP-3.5/conftest.c:38: undefined reference to `MPIR_ToPointer'
collect2: error: ld returned 1 exit status
configure:5516: $? = 1
configure: failed program was:
| /* confdefs.h */
| #define PACKAGE_NAME "mpiP"
| #define PACKAGE_TARNAME "mpip"
| #define PACKAGE_VERSION "3.5"
| #define PACKAGE_STRING "mpiP 3.5"
| #define PACKAGE_BUGREPORT ""
| #define PACKAGE_URL ""
| #define MPIP_CALLSITE_REPORT_STACK_DEPTH_MAX 8
| #define MPIP_INTERNAL_STACK_DEPTH 3
| #define MPIP_CALLSITE_STACK_DEPTH_MAX (MPIP_CALLSITE_REPORT_STACK_DEPTH_MAX + MPIP_INTERNAL_STACK_DEPTH)
| #define MPIP_COPIED_ARGS_MAX 32
| #define DEFAULT_REPORT_FORMAT mpiPi_style_verbose
| #define HAVE_LIBM 1
| #define STDC_HEADERS 1
| #define HAVE_SYS_TYPES_H 1
| #define HAVE_SYS_STAT_H 1
| #define HAVE_STDLIB_H 1
| #define HAVE_STRING_H 1
| #define HAVE_MEMORY_H 1
| #define HAVE_STRINGS_H 1
| #define HAVE_INTTYPES_H 1
| #define HAVE_STDINT_H 1
| #define HAVE_UNISTD_H 1
| #define SIZEOF_VOIDP 8
| #define HAVE_BFD_BOOLEAN 1
| /* end confdefs.h.  */
| 
| /* Override any GCC internal prototype to avoid an error.
|    Use char because int might match the return type of a GCC
|    builtin and then its argument prototype would still apply.  */
| #ifdef __cplusplus
| extern "C"
| #endif
| char MPIR_ToPointer ();
| int
| main ()
| {
| return MPIR_ToPointer ();
|   ;
|   return 0;
| }
configure:5525: result: no
configure:5551: mpicc -c -g -O2  conftest.c >&5
configure:5551: $? = 0
configure:5569: checking for rts_get_timebase
configure:5569: mpicc -o conftest -g -O2   conftest.c -lm  >&5
/usr/bin/ld: /tmp/cchlryKq.o: in function `main':
/home/wujialong/software/mpiP-3.5/conftest.c:62: undefined reference to `rts_get_timebase'
collect2: error: ld returned 1 exit status
configure:5569: $? = 1
configure: failed program was:
| /* confdefs.h */
| #define PACKAGE_NAME "mpiP"
| #define PACKAGE_TARNAME "mpip"
| #define PACKAGE_VERSION "3.5"
| #define PACKAGE_STRING "mpiP 3.5"
| #define PACKAGE_BUGREPORT ""
| #define PACKAGE_URL ""
| #define MPIP_CALLSITE_REPORT_STACK_DEPTH_MAX 8
| #define MPIP_INTERNAL_STACK_DEPTH 3
| #define MPIP_CALLSITE_STACK_DEPTH_MAX (MPIP_CALLSITE_REPORT_STACK_DEPTH_MAX + MPIP_INTERNAL_STACK_DEPTH)
| #define MPIP_COPIED_ARGS_MAX 32
| #define DEFAULT_REPORT_FORMAT mpiPi_style_verbose
| #define HAVE_LIBM 1
| #define STDC_HEADERS 1
| #define HAVE_SYS_TYPES_H 1
| #define HAVE_SYS_STAT_H 1
| #define HAVE_STDLIB_H 1
| #define HAVE_STRING_H 1
| #define HAVE_MEMORY_H 1
| #define HAVE_STRINGS_H 1
| #define HAVE_INTTYPES_H 1
| #define HAVE_STDINT_H 1
| #define HAVE_UNISTD_H 1
| #define SIZEOF_VOIDP 8
| #define HAVE_BFD_BOOLEAN 1
| #define USE_MPI3_CONSTS 1
| /* end confdefs.h.  */
| /* Define rts_get_timebase to an innocuous variant, in case <limits.h> declares rts_get_timebase.
|    For example, HP-UX 11i <limits.h> declares gettimeofday.  */
| #define rts_get_timebase innocuous_rts_get_timebase
| 
| /* System header to define __stub macros and hopefully few prototypes,
|     which can conflict with char rts_get_timebase (); below.
|     Prefer <limits.h> to <assert.h> if __STDC__ is defined, since
|     <limits.h> exists even on freestanding compilers.  */
| 
| #ifdef __STDC__
| # include <limits.h>
| #else
| # include <assert.h>
| #endif
| 
| #undef rts_get_timebase
| 
| /* Override any GCC internal prototype to avoid an error.
|    Use char because int might match the return type of a GCC
|    builtin and then its argument prototype would still apply.  */
| #ifdef __cplusplus
| extern "C"
| #endif
| char rts_get_timebase ();
| /* The GNU C library defines this for functions which it implements
|     to always fail with ENOSYS.  Some functions are actually named
|     something starting with __ and the normal name is an alias.  */
| #if defined __stub_rts_get_timebase || defined __stub___rts_get_timebase
| choke me
| #endif
| 
| int
| main ()
| {
| return rts_get_timebase ();
|   ;
|   return 0;
| }
configure:5569: result: no
configure:5583: checking whether _rtc is declared
configure:5583: mpicc -c -g -O2  conftest.c >&5
conftest.c:28:10: fatal error: intrinsics.h: No such file or directory
   28 | #include <intrinsics.h>
      |          ^~~~~~~~~~~~~~
compilation terminated.
configure:5583: $? = 1
configure: failed program was:
| /* confdefs.h */
| #define PACKAGE_NAME "mpiP"
| #define PACKAGE_TARNAME "mpip"
| #define PACKAGE_VERSION "3.5"
| #define PACKAGE_STRING "mpiP 3.5"
| #define PACKAGE_BUGREPORT ""
| #define PACKAGE_URL ""
| #define MPIP_CALLSITE_REPORT_STACK_DEPTH_MAX 8
| #define MPIP_INTERNAL_STACK_DEPTH 3
| #define MPIP_CALLSITE_STACK_DEPTH_MAX (MPIP_CALLSITE_REPORT_STACK_DEPTH_MAX + MPIP_INTERNAL_STACK_DEPTH)
| #define MPIP_COPIED_ARGS_MAX 32
| #define DEFAULT_REPORT_FORMAT mpiPi_style_verbose
| #define HAVE_LIBM 1
| #define STDC_HEADERS 1
| #define HAVE_SYS_TYPES_H 1
| #define HAVE_SYS_STAT_H 1
| #define HAVE_STDLIB_H 1
| #define HAVE_STRING_H 1
| #define HAVE_MEMORY_H 1
| #define HAVE_STRINGS_H 1
| #define HAVE_INTTYPES_H 1
| #define HAVE_STDINT_H 1
| #define HAVE_UNISTD_H 1
| #define SIZEOF_VOIDP 8
| #define HAVE_BFD_BOOLEAN 1
| #define USE_MPI3_CONSTS 1
| /* end confdefs.h.  */
| #include <intrinsics.h>
| 
| int
| main ()
| {
| #ifndef _rtc
| #ifdef __cplusplus
|   (void) _rtc;
| #else
|   (void) _rtc;
| #endif
| #endif
| 
|   ;
|   return 0;
| }
configure:5583: result: no
configure:5598: checking for mread_real_time
configure:5598: mpicc -o conftest -g -O2   conftest.c -lm  >&5
/usr/bin/ld: /tmp/ccvDfV9I.o: in function `main':
/home/wujialong/software/mpiP-3.5/conftest.c:62: undefined reference to `mread_real_time'
collect2: error: ld returned 1 exit status
configure:5598: $? = 1
configure: failed program was:
| /* confdefs.h */
| #define PACKAGE_NAME "mpiP"
| #define PACKAGE_TARNAME "mpip"
| #define PACKAGE_VERSION "3.5"
| #define PACKAGE_STRING "mpiP 3.5"
| #define PACKAGE_BUGREPORT ""
| #define PACKAGE_URL ""
| #define MPIP_CALLSITE_REPORT_STACK_DEPTH_MAX 8
| #define MPIP_INTERNAL_STACK_DEPTH 3
| #define MPIP_CALLSITE_STACK_DEPTH_MAX (MPIP_CALLSITE_REPORT_STACK_DEPTH_MAX + MPIP_INTERNAL_STACK_DEPTH)
| #define MPIP_COPIED_ARGS_MAX 32
| #define DEFAULT_REPORT_FORMAT mpiPi_style_verbose
| #define HAVE_LIBM 1
| #define STDC_HEADERS 1
| #define HAVE_SYS_TYPES_H 1
| #define HAVE_SYS_STAT_H 1
| #define HAVE_STDLIB_H 1
| #define HAVE_STRING_H 1
| #define HAVE_MEMORY_H 1
| #define HAVE_STRINGS_H 1
| #define HAVE_INTTYPES_H 1
| #define HAVE_STDINT_H 1
| #define HAVE_UNISTD_H 1
| #define SIZEOF_VOIDP 8
| #define HAVE_BFD_BOOLEAN 1
| #define USE_MPI3_CONSTS 1
| /* end confdefs.h.  */
| /* Define mread_real_time to an innocuous variant, in case <limits.h> declares mread_real_time.
|    For example, HP-UX 11i <limits.h> declares gettimeofday.  */
| #define mread_real_time innocuous_mread_real_time
| 
| /* System header to define __stub macros and hopefully few prototypes,
|     which can conflict with char mread_real_time (); below.
|     Prefer <limits.h> to <assert.h> if __STDC__ is defined, since
|     <limits.h> exists even on freestanding compilers.  */
| 
| #ifdef __STDC__
| # include <limits.h>
| #else
| # include <assert.h>
| #endif
| 
| #undef mread_real_time
| 
| /* Override any GCC internal prototype to avoid an error.
|    Use char because int might match the return type of a GCC
|    builtin and then its argument prototype would still apply.  */
| #ifdef __cplusplus
| extern "C"
| #endif
| char mread_real_time ();
| /* The GNU C library defines this for functions which it implements
|     to always fail with ENOSYS.  Some functions are actually named
|     something starting with __ and the normal name is an alias.  */
| #if defined __stub_mread_real_time || defined __stub___mread_real_time
| choke me
| #endif
| 
| int
| main ()
| {
| return mread_real_time ();
|   ;
|   return 0;
| }
configure:5598: result: no
configure:5616: checking for read_real_time
configure:5616: mpicc -o conftest -g -O2   conftest.c -lm  >&5
/usr/bin/ld: /tmp/ccsQJV0F.o: in function `main':
/home/wujialong/software/mpiP-3.5/conftest.c:62: undefined reference to `read_real_time'
collect2: error: ld returned 1 exit status
configure:5616: $? = 1
configure: failed program was:
| /* confdefs.h */
| #define PACKAGE_NAME "mpiP"
| #define PACKAGE_TARNAME "mpip"
| #define PACKAGE_VERSION "3.5"
| #define PACKAGE_STRING "mpiP 3.5"
| #define PACKAGE_BUGREPORT ""
| #define PACKAGE_URL ""
| #define MPIP_CALLSITE_REPORT_STACK_DEPTH_MAX 8
| #define MPIP_INTERNAL_STACK_DEPTH 3
| #define MPIP_CALLSITE_STACK_DEPTH_MAX (MPIP_CALLSITE_REPORT_STACK_DEPTH_MAX + MPIP_INTERNAL_STACK_DEPTH)
| #define MPIP_COPIED_ARGS_MAX 32
| #define DEFAULT_REPORT_FORMAT mpiPi_style_verbose
| #define HAVE_LIBM 1
| #define STDC_HEADERS 1
| #define HAVE_SYS_TYPES_H 1
| #define HAVE_SYS_STAT_H 1
| #define HAVE_STDLIB_H 1
| #define HAVE_STRING_H 1
| #define HAVE_MEMORY_H 1
| #define HAVE_STRINGS_H 1
| #define HAVE_INTTYPES_H 1
| #define HAVE_STDINT_H 1
| #define HAVE_UNISTD_H 1
| #define SIZEOF_VOIDP 8
| #define HAVE_BFD_BOOLEAN 1
| #define USE_MPI3_CONSTS 1
| /* end confdefs.h.  */
| /* Define read_real_time to an innocuous variant, in case <limits.h> declares read_real_time.
|    For example, HP-UX 11i <limits.h> declares gettimeofday.  */
| #define read_real_time innocuous_read_real_time
| 
| /* System header to define __stub macros and hopefully few prototypes,
|     which can conflict with char read_real_time (); below.
|     Prefer <limits.h> to <assert.h> if __STDC__ is defined, since
|     <limits.h> exists even on freestanding compilers.  */
| 
| #ifdef __STDC__
| # include <limits.h>
| #else
| # include <assert.h>
| #endif
| 
| #undef read_real_time
| 
| /* Override any GCC internal prototype to avoid an error.
|    Use char because int might match the return type of a GCC
|    builtin and then its argument prototype would still apply.  */
| #ifdef __cplusplus
| extern "C"
| #endif
| char read_real_time ();
| /* The GNU C library defines this for functions which it implements
|     to always fail with ENOSYS.  Some functions are actually named
|     something starting with __ and the normal name is an alias.  */
| #if defined __stub_read_real_time || defined __stub___read_real_time
| choke me
| #endif
| 
| int
| main ()
| {
| return read_real_time ();
|   ;
|   return 0;
| }
configure:5616: result: no
configure:5682: checking for MPI_Wtime
configure:5682: mpicc -o conftest -g -O2   conftest.c -lm  >&5
configure:5682: $? = 0
configure:5682: result: yes
configure:5703: checking libunwind.h usability
configure:5703: mpicc -c -g -O2  conftest.c >&5
configure:5703: $? = 0
configure:5703: result: yes
configure:5703: checking libunwind.h presence
configure:5703: mpicc -E  conftest.c
configure:5703: $? = 0
configure:5703: result: yes
configure:5703: checking for libunwind.h
configure:5703: result: yes
configure:5736: checking for MPI_File_open
configure:5736: mpicc -o conftest -g -O2   conftest.c -lm  -lunwind >&5
configure:5736: $? = 0
configure:5736: result: yes
configure:5797: checking for MPI_Win_allocate
configure:5797: mpicc -o conftest -g -O2   conftest.c -lm  -lunwind >&5
configure:5797: $? = 0
configure:5797: result: yes
configure:5815: checking for MPI_Ibarrier
configure:5815: mpicc -o conftest -g -O2   conftest.c -lm  -lunwind >&5
configure:5815: $? = 0
configure:5815: result: yes
configure:5864: checking fortran to C conversion
configure:5877: mpicc -o conftest -g -O2   conftest.c -lm  -lunwind >&5
configure:5877: $? = 0
configure:5878: result: yes
configure:5890: checking ARM LSE
configure:5913: mpicc -o conftest -g -O2   conftest.c -lm  -lunwind >&5
conftest.c: In function 'main':
conftest.c:45:1: error: 'fail' undeclared (first use in this function)
   45 | fail
      | ^~~~
conftest.c:45:1: note: each undeclared identifier is reported only once for each function it appears in
configure:5913: $? = 1
configure: failed program was:
| /* confdefs.h */
| #define PACKAGE_NAME "mpiP"
| #define PACKAGE_TARNAME "mpip"
| #define PACKAGE_VERSION "3.5"
| #define PACKAGE_STRING "mpiP 3.5"
| #define PACKAGE_BUGREPORT ""
| #define PACKAGE_URL ""
| #define MPIP_CALLSITE_REPORT_STACK_DEPTH_MAX 8
| #define MPIP_INTERNAL_STACK_DEPTH 3
| #define MPIP_CALLSITE_STACK_DEPTH_MAX (MPIP_CALLSITE_REPORT_STACK_DEPTH_MAX + MPIP_INTERNAL_STACK_DEPTH)
| #define MPIP_COPIED_ARGS_MAX 32
| #define DEFAULT_REPORT_FORMAT mpiPi_style_verbose
| #define HAVE_LIBM 1
| #define STDC_HEADERS 1
| #define HAVE_SYS_TYPES_H 1
| #define HAVE_SYS_STAT_H 1
| #define HAVE_STDLIB_H 1
| #define HAVE_STRING_H 1
| #define HAVE_MEMORY_H 1
| #define HAVE_STRINGS_H 1
| #define HAVE_INTTYPES_H 1
| #define HAVE_STDINT_H 1
| #define HAVE_UNISTD_H 1
| #define SIZEOF_VOIDP 8
| #define HAVE_BFD_BOOLEAN 1
| #define USE_MPI3_CONSTS 1
| #define USE_WTIME 1
| #define HAVE_LIBUNWIND 1
| #define HAVE_MPI_IO 1
| #define HAVE_MPI_RMA 1
| #define HAVE_MPI_NONBLOCKINGCOLLECTIVES 1
| /* end confdefs.h.  */
|  #include <stdint.h>
| int
| main ()
| {
|  #if __aarch64__
|                           int64_t *addr, newval; int64_t ret;
| 
| __asm__ __volatile__ ("swpl %2, %0, [%1]\n"
|                       : "=&r" (ret)
|                       : "r" (addr), "r" (newval)
|                       : );
| #else
| fail
| #endif
| 
|   ;
|   return 0;
| }
configure:5919: result: no
configure:6197: checking fortran symbols
configure:6219: result: lowercase with underscore
configure:6262: checking fortran compiler
configure:6320: result: GNU
configure:6386: creating ./config.status

## ---------------------- ##
## Running config.status. ##
## ---------------------- ##

This file was extended by mpiP config.status 3.5, which was
generated by GNU Autoconf 2.69.  Invocation command line was

  CONFIG_FILES    = 
  CONFIG_HEADERS  = 
  CONFIG_LINKS    = 
  CONFIG_COMMANDS = 
  $ ./config.status 

on X33

config.status:905: creating Defs.mak
config.status:905: creating Makefile
config.status:905: creating testing/Makefile
config.status:905: creating Check.mak
config.status:905: creating mpi.protos.txt
config.status:905: creating get_fortran_arg.f
config.status:905: creating mpip_timers/aix_local.h
config.status:905: creating mpiPconfig.h

## ---------------- ##
## Cache variables. ##
## ---------------- ##

ac_cv_build=x86_64-pc-linux-gnu
ac_cv_c_compiler_gnu=yes
ac_cv_env_CC_set=
ac_cv_env_CC_value=
ac_cv_env_CFLAGS_set=
ac_cv_env_CFLAGS_value=
ac_cv_env_CPPFLAGS_set=
ac_cv_env_CPPFLAGS_value=
ac_cv_env_CPP_set=
ac_cv_env_CPP_value=
ac_cv_env_F77_set=
ac_cv_env_F77_value=
ac_cv_env_FFLAGS_set=
ac_cv_env_FFLAGS_value=
ac_cv_env_LDFLAGS_set=
ac_cv_env_LDFLAGS_value=
ac_cv_env_LIBS_set=
ac_cv_env_LIBS_value=
ac_cv_env_build_alias_set=
ac_cv_env_build_alias_value=
ac_cv_env_host_alias_set=
ac_cv_env_host_alias_value=
ac_cv_env_target_alias_set=
ac_cv_env_target_alias_value=
ac_cv_func_MPI_File_open=yes
ac_cv_func_MPI_Ibarrier=yes
ac_cv_func_MPI_Win_allocate=yes
ac_cv_func_MPI_Wtime=yes
ac_cv_func_mread_real_time=no
ac_cv_func_read_real_time=no
ac_cv_func_rts_get_timebase=no
ac_cv_have_decl_MPI_Init=yes
ac_cv_have_decl__rtc=no
ac_cv_header_bfd_h=no
ac_cv_header_inttypes_h=yes
ac_cv_header_libunwind_h=yes
ac_cv_header_memory_h=yes
ac_cv_header_stdc=yes
ac_cv_header_stdint_h=yes
ac_cv_header_stdlib_h=yes
ac_cv_header_string_h=yes
ac_cv_header_strings_h=yes
ac_cv_header_sys_stat_h=yes
ac_cv_header_sys_types_h=yes
ac_cv_header_unistd_h=yes
ac_cv_host=x86_64-pc-linux-gnu
ac_cv_lib_iberty_objalloc_create=no
ac_cv_lib_intl_dcgettext__=no
ac_cv_lib_m_sqrt=yes
ac_cv_lib_mpi_MPIR_ToPointer=no
ac_cv_lib_mpich_MPIR_ToPointer=no
ac_cv_lib_z_inflate=yes
ac_cv_objext=o
ac_cv_path_EGREP='/usr/bin/grep -E'
ac_cv_path_GREP=/usr/bin/grep
ac_cv_path_install='/usr/bin/install -c'
ac_cv_prog_CC=mpicc
ac_cv_prog_CPP='mpicc -E'
ac_cv_prog_CXX=mpiCC
ac_cv_prog_F77=mpifort
ac_cv_prog_HAVE_PYTHON=python
ac_cv_prog_LAUNCH=mpirun
ac_cv_prog_ac_ct_RANLIB=ranlib
ac_cv_prog_cc_c89=
ac_cv_prog_cc_g=yes
ac_cv_search_dlopen='none required'
ac_cv_sizeof_voidp=8
ac_cv_target=x86_64-pc-linux-gnu
ac_cv_type_bfd_boolean=no

## ----------------- ##
## Output variables. ##
## ----------------- ##

ADD_OBJS=''
BINUTILS_DIR='/usr'
BIN_TYPE_FLAG=''
CC='mpicc'
CFLAGS='-g -O2'
CPP='mpicc -E'
CPPFLAGS=''
CXX='mpiCC'
DEFAULT_TARGS='${SHARED_C_TARGET}'
DEFS='-DHAVE_CONFIG_H'
DO_DEMANGLE='false'
ECHO_C=''
ECHO_N='-n'
ECHO_T=''
EGREP='/usr/bin/grep -E'
ENABLE_API_ONLY='no'
ENABLE_BFD='no'
ENABLE_FORTRAN_WEAK_SYMS='no'
ENABLE_FORTRAN_XLATE='yes'
ENABLE_MPI_IO='yes'
ENABLE_MPI_NONBLOCKINGCOLLECTIVES='yes'
ENABLE_MPI_RMA='yes'
EXEEXT=''
F77='mpifort'
F77_SYMBOLS='symbol_'
F77_VENDOR='GNU'
FFLAGS=''
FORTRAN_FLAG='-DGNU_Fortran'
FORTRAN_GETARG_OBJ_FILE='get_fortran_arg.o'
FORTRAN_STR_DECL='character buf*(*)'
FORTRAN_TARGET='libmpiPg77.a'
GREP='/usr/bin/grep'
HAVE_PYTHON='python'
INSTALL_DATA='${INSTALL} -m 644'
INSTALL_PROGRAM='${INSTALL}'
INSTALL_SCRIPT='${INSTALL}'
LAUNCH='mpirun'
LDFLAGS=''
LIBOBJS=''
LIBS='-lm  -lunwind'
LIBUNWIND_LOC='/usr/lib/libunwind.a'
LTLIBOBJS=''
MPIPFLIB='mpiPg77'
MPIP_CALLSITE_REPORT_STACK_DEPTH_MAX=''
MPIP_CALLSITE_STACK_DEPTH_MAX=''
MPIP_COPIED_ARGS_MAX='32'
MPIP_INTERNAL_STACK_DEPTH='3'
OBJEXT='o'
PACKAGE_BUGREPORT=''
PACKAGE_NAME='mpiP'
PACKAGE_STRING='mpiP 3.5'
PACKAGE_TARNAME='mpip'
PACKAGE_URL=''
PACKAGE_VERSION='3.5'
PATH_SEPARATOR=':'
PC_LOOKUP_FILE='pc_lookup.c'
PIC_FLAGS='-fpic -DPIC'
RANLIB='ranlib'
READ_REAL_TIME='read_real_time'
SHELL='/bin/bash'
TEST_LIST=''
USE_BACKTRACE=''
USE_GETARG='false'
USE_LIBDWARF='no'
USE_RTC='no'
USE_RTS_GET_TIMEBASE=''
USE_SETJMP='no'
ac_ct_CC=''
ac_ct_F77=''
bindir='${exec_prefix}/bin'
build='x86_64-pc-linux-gnu'
build_alias=''
build_cpu='x86_64'
build_os='linux-gnu'
build_vendor='pc'
datadir='${datarootdir}'
datarootdir='${prefix}/share'
docdir='${datarootdir}/doc/${PACKAGE_TARNAME}'
dvidir='${docdir}'
exec_prefix='${prefix}'
host='x86_64-pc-linux-gnu'
host_alias=''
host_cpu='x86_64'
host_os='linux-gnu'
host_vendor='pc'
htmldir='${docdir}'
includedir='${prefix}/include'
infodir='${datarootdir}/info'
libdir='${exec_prefix}/lib'
libexecdir='${exec_prefix}/libexec'
localedir='${datarootdir}/locale'
localstatedir='${prefix}/var'
mandir='${datarootdir}/man'
oldincludedir='/usr/include'
pdfdir='${docdir}'
prefix='.'
program_transform_name='s,x,x,'
psdir='${docdir}'
sbindir='${exec_prefix}/sbin'
sharedstatedir='${prefix}/com'
slibdir='${exec_prefix}/lib'
sysconfdir='${prefix}/etc'
target='x86_64-pc-linux-gnu'
target_alias=''
target_cpu='x86_64'
target_os='linux-gnu'
target_vendor='pc'

## ------------------- ##
## File substitutions. ##
## ------------------- ##

FORTRAN_GETARG=''
HAVE_MPI_IO='mpi.io.protos.txt'
HAVE_MPI_NONBLOCKINGCOLLECTIVES='mpi.nbc.protos.txt'
HAVE_MPI_RMA='mpi.rma.protos.txt'

## ----------- ##
## confdefs.h. ##
## ----------- ##

/* confdefs.h */
#define PACKAGE_NAME "mpiP"
#define PACKAGE_TARNAME "mpip"
#define PACKAGE_VERSION "3.5"
#define PACKAGE_STRING "mpiP 3.5"
#define PACKAGE_BUGREPORT ""
#define PACKAGE_URL ""
#define MPIP_CALLSITE_REPORT_STACK_DEPTH_MAX 8
#define MPIP_INTERNAL_STACK_DEPTH 3
#define MPIP_CALLSITE_STACK_DEPTH_MAX (MPIP_CALLSITE_REPORT_STACK_DEPTH_MAX + MPIP_INTERNAL_STACK_DEPTH)
#define MPIP_COPIED_ARGS_MAX 32
#define DEFAULT_REPORT_FORMAT mpiPi_style_verbose
#define HAVE_LIBM 1
#define STDC_HEADERS 1
#define HAVE_SYS_TYPES_H 1
#define HAVE_SYS_STAT_H 1
#define HAVE_STDLIB_H 1
#define HAVE_STRING_H 1
#define HAVE_MEMORY_H 1
#define HAVE_STRINGS_H 1
#define HAVE_INTTYPES_H 1
#define HAVE_STDINT_H 1
#define HAVE_UNISTD_H 1
#define SIZEOF_VOIDP 8
#define HAVE_BFD_BOOLEAN 1
#define USE_MPI3_CONSTS 1
#define USE_WTIME 1
#define HAVE_LIBUNWIND 1
#define HAVE_MPI_IO 1
#define HAVE_MPI_RMA 1
#define HAVE_MPI_NONBLOCKINGCOLLECTIVES 1
#define F77_SYMBOLS symbol_

configure: exit 0
